0 info it worked if it ends with ok
1 verbose cli [ 'C:\\Program Files\\nodejs\\node.exe',
1 verbose cli   'C:\\Program Files\\nodejs\\node_modules\\npm\\bin\\npm-cli.js',
1 verbose cli   'publish',
1 verbose cli   '--tag',
1 verbose cli   '0.9.0' ]
2 info using npm@2.14.2
3 info using node@v4.0.0
4 verbose publish [ '.' ]
5 verbose stack Error: Tag name must not be a valid SemVer range: 0.9.0
5 verbose stack     at EventEmitter.publish (C:\Program Files\nodejs\node_modules\npm\lib\publish.js:41:14)
5 verbose stack     at Object.commandCache.(anonymous function) (C:\Program Files\nodejs\node_modules\npm\lib\npm.js:220:11)
5 verbose stack     at EventEmitter.<anonymous> (C:\Program Files\nodejs\node_modules\npm\bin\npm-cli.js:72:28)
5 verbose stack     at doNTCallback0 (node.js:407:9)
5 verbose stack     at process._tickCallback (node.js:336:13)
6 verbose cwd D:\my\source\ui-module
7 error Windows_NT 10.0.10240
8 error argv "C:\\Program Files\\nodejs\\node.exe" "C:\\Program Files\\nodejs\\node_modules\\npm\\bin\\npm-cli.js" "publish" "--tag" "0.9.0"
9 error node v4.0.0
10 error npm  v2.14.2
11 error Tag name must not be a valid SemVer range: 0.9.0
12 error If you need help, you may report this error at:
12 error     <https://github.com/npm/npm/issues>
13 verbose exit [ 1, true ]
